0 info it worked if it ends with ok
1 verbose cli [ 'D:\\Program Files (x86)\\nodejs\\\\node.exe',
1 verbose cli   'D:\\Program Files (x86)\\nodejs\\node_modules\\npm\\bin\\npm-cli.js',
1 verbose cli   'install' ]
2 info using npm@2.11.3
3 info using node@v0.12.7
4 verbose readDependencies loading dependencies from D:\GitRepos\react\package.json
5 warn package.json react@1.0.0 No repository field.
6 verbose install where, deps [ 'D:\\GitRepos\\react',
6 verbose install   [ 'babel-core',
6 verbose install     'babel-loader',
6 verbose install     'babel-preset-es2015',
6 verbose install     'babel-preset-react',
6 verbose install     'express',
6 verbose install     'react',
6 verbose install     'react-dom',
6 verbose install     'react-router',
6 verbose install     'express-react-engine',
6 verbose install     'webpack' ] ]
7 verbose install where, peers [ 'D:\\GitRepos\\react', [] ]
8 verbose installManyTop reading for lifecycle D:\GitRepos\react\package.json
9 info preinstall react@1.0.0
10 verbose installManyTop reading scoped package data from D:\GitRepos\react\node_modules\babel-core\package.json
11 verbose installManyTop reading scoped package data from D:\GitRepos\react\node_modules\babel-loader\package.json
12 verbose installManyTop reading scoped package data from D:\GitRepos\react\node_modules\babel-preset-es2015\package.json
13 verbose installManyTop reading scoped package data from D:\GitRepos\react\node_modules\babel-preset-react\package.json
14 verbose installManyTop reading scoped package data from D:\GitRepos\react\node_modules\express\package.json
15 verbose installManyTop reading scoped package data from D:\GitRepos\react\node_modules\express-react-engine\package.json
16 verbose installManyTop reading scoped package data from D:\GitRepos\react\node_modules\path\package.json
17 verbose installManyTop reading scoped package data from D:\GitRepos\react\node_modules\react\package.json
18 verbose installManyTop reading scoped package data from D:\GitRepos\react\node_modules\react-dom\package.json
19 verbose installManyTop reading scoped package data from D:\GitRepos\react\node_modules\react-router\package.json
20 verbose installManyTop reading scoped package data from D:\GitRepos\react\node_modules\webpack\package.json
21 info package.json path@0.12.7 path is also the name of a node core module.
22 info package.json react-router@2.4.1 No README data
23 verbose readDependencies loading dependencies from D:\GitRepos\react\package.json
24 verbose targetResolver reading package data from D:\GitRepos\react\node_modules\babel-core\package.json
25 verbose targetResolver reading package data from D:\GitRepos\react\node_modules\babel-loader\package.json
26 verbose targetResolver reading package data from D:\GitRepos\react\node_modules\babel-preset-es2015\package.json
27 verbose targetResolver reading package data from D:\GitRepos\react\node_modules\babel-preset-react\package.json
28 verbose targetResolver reading package data from D:\GitRepos\react\node_modules\express\package.json
29 verbose targetResolver reading package data from D:\GitRepos\react\node_modules\express-react-engine\package.json
30 verbose targetResolver reading package data from D:\GitRepos\react\node_modules\path\package.json
31 verbose targetResolver reading package data from D:\GitRepos\react\node_modules\react\package.json
32 verbose targetResolver reading package data from D:\GitRepos\react\node_modules\react-dom\package.json
33 verbose targetResolver reading package data from D:\GitRepos\react\node_modules\react-router\package.json
34 verbose targetResolver reading package data from D:\GitRepos\react\node_modules\webpack\package.json
35 verbose targetResolver reading package data from D:\GitRepos\react\node_modules\.bin\webpack\package.json
36 verbose targetResolver reading package data from D:\GitRepos\react\node_modules\.bin\webpack.cmd\package.json
37 verbose already installed skipping express@^4.14.0 D:\GitRepos\react
38 verbose already installed skipping react@^15.1.0 D:\GitRepos\react
39 verbose already installed skipping react-dom@^15.1.0 D:\GitRepos\react
40 verbose already installed skipping react-router@^2.4.1 D:\GitRepos\react
41 verbose already installed skipping express-react-engine@^0.6.0 D:\GitRepos\react
42 verbose already installed skipping webpack@^1.13.1 D:\GitRepos\react
43 verbose already installed skipping babel-core@^6.9.1 D:\GitRepos\react
44 verbose already installed skipping babel-loader@^6.2.4 D:\GitRepos\react
45 verbose already installed skipping babel-preset-es2015@^6.9.0 D:\GitRepos\react
46 verbose already installed skipping babel-preset-react@^6.5.0 D:\GitRepos\react
47 silly install resolved []
48 info build D:\GitRepos\react
49 info linkStuff react@1.0.0
50 silly linkStuff react@1.0.0 has D:\GitRepos as its parent node_modules
51 verbose linkBins react@1.0.0
52 verbose linkMans react@1.0.0
53 verbose rebuildBundles react@1.0.0
54 verbose rebuildBundles [ '.bin',
54 verbose rebuildBundles   'babel-core',
54 verbose rebuildBundles   'babel-loader',
54 verbose rebuildBundles   'babel-preset-es2015',
54 verbose rebuildBundles   'babel-preset-react',
54 verbose rebuildBundles   'express',
54 verbose rebuildBundles   'express-react-engine',
54 verbose rebuildBundles   'path',
54 verbose rebuildBundles   'react',
54 verbose rebuildBundles   'react-dom',
54 verbose rebuildBundles   'react-router',
54 verbose rebuildBundles   'webpack' ]
55 verbose rebuild bundle D:\GitRepos\react\node_modules\path
56 info build D:\GitRepos\react\node_modules\path
57 info preinstall path@0.12.7
58 info linkStuff path@0.12.7
59 silly linkStuff path@0.12.7 has D:\GitRepos\react\node_modules as its parent node_modules
60 verbose linkBins path@0.12.7
61 verbose linkMans path@0.12.7
62 verbose rebuildBundles path@0.12.7
63 verbose rebuildBundles [ 'process', 'util' ]
64 info install path@0.12.7
65 info postinstall path@0.12.7
66 info install react@1.0.0
67 info postinstall react@1.0.0
68 info prepublish react@1.0.0
69 verbose validateInstall loading D:\GitRepos\react\package.json for validation
70 verbose stack Error: The package react does not satisfy its siblings' peerDependencies requirements!
70 verbose stack     at D:\Program Files (x86)\nodejs\node_modules\npm\lib\install.js:125:32
70 verbose stack     at D:\Program Files (x86)\nodejs\node_modules\npm\lib\install.js:267:7
70 verbose stack     at D:\Program Files (x86)\nodejs\node_modules\npm\node_modules\read-installed\read-installed.js:138:5
70 verbose stack     at D:\Program Files (x86)\nodejs\node_modules\npm\node_modules\read-installed\read-installed.js:251:14
70 verbose stack     at cb (D:\Program Files (x86)\nodejs\node_modules\npm\node_modules\slide\lib\async-map.js:47:24)
70 verbose stack     at D:\Program Files (x86)\nodejs\node_modules\npm\node_modules\read-installed\read-installed.js:251:14
70 verbose stack     at cb (D:\Program Files (x86)\nodejs\node_modules\npm\node_modules\slide\lib\async-map.js:47:24)
70 verbose stack     at D:\Program Files (x86)\nodejs\node_modules\npm\node_modules\read-installed\read-installed.js:251:14
70 verbose stack     at cb (D:\Program Files (x86)\nodejs\node_modules\npm\node_modules\slide\lib\async-map.js:47:24)
70 verbose stack     at D:\Program Files (x86)\nodejs\node_modules\npm\node_modules\read-installed\read-installed.js:251:14
71 verbose cwd D:\GitRepos\react
72 error Windows_NT 6.1.7601
73 error argv "D:\\Program Files (x86)\\nodejs\\\\node.exe" "D:\\Program Files (x86)\\nodejs\\node_modules\\npm\\bin\\npm-cli.js" "install"
74 error node v0.12.7
75 error npm  v2.11.3
76 error code EPEERINVALID
77 error peerinvalid The package react does not satisfy its siblings' peerDependencies requirements!
77 error peerinvalid Peer react-dom@15.1.0 wants react@^15.1.0
77 error peerinvalid Peer react-router@2.4.1 wants react@^0.14.0 || ^15.0.0
77 error peerinvalid Peer express-react-engine@0.6.0 wants react@^0.14.0
78 verbose exit [ 1, true ]
